
*** Running vivado
    with args -log dma_axis_ip_example_xbar_1.vds -m64 -product Vivado -mode batch -messageDb vivado.pb -notrace -source dma_axis_ip_example_xbar_1.tcl



****** Vivado v2024.1 (64-bit)
  **** SW Build 5076996 on Wed May 22 18:37:14 MDT 2024
  **** IP Build 5075265 on Wed May 22 21:45:21 MDT 2024
  **** SharedData Build 5076995 on Wed May 22 18:29:18 MDT 2024
  **** Start of session at: Wed Aug 21 20:18:31 2024
    ** Copyright 1986-2022 Xilinx, Inc. All Rights Reserved.
    ** Copyright 2022-2024 Advanced Micro Devices, Inc. All Rights Reserved.

source dma_axis_ip_example_xbar_1.tcl -notrace
create_project: Time (s): cpu = 00:00:06 ; elapsed = 00:00:09 . Memory (MB): peak = 516.496 ; gain = 199.945
INFO: [IP_Flow 19-234] Refreshing IP repositories
INFO: [IP_Flow 19-1700] Loaded user IP repository 'c:/Users/w/inkjet_3d/MP113_FPGA/Design_1/HLS'.
INFO: [IP_Flow 19-2313] Loaded Vivado IP repository 'C:/Xilinx/Vivado/2024.1/data/ip'.
INFO: [IP_Flow 19-6924] IPCACHE: Running cache check for IP inst: dma_axis_ip_example_xbar_1
INFO: [IP_Flow 19-6922] IPCACHE: Exporting cached entry 65d75d2ade8f42dd to dir: C:/Users/w/inkjet_3d/MP113_FPGA/Design_1/myproj/project_1.runs/dma_axis_ip_example_xbar_1_synth_1
INFO: [IP_Flow 19-6928] IPCACHE: copied cached file c:/Users/w/inkjet_3d/MP113_FPGA/Design_1/myproj/project_1.cache/ip/2024.1/6/5/65d75d2ade8f42dd/dma_axis_ip_example_xbar_1.dcp to C:/Users/w/inkjet_3d/MP113_FPGA/Design_1/myproj/project_1.runs/dma_axis_ip_example_xbar_1_synth_1/dma_axis_ip_example_xbar_1.dcp.
INFO: [IP_Flow 19-6928] IPCACHE: copied cached file c:/Users/w/inkjet_3d/MP113_FPGA/Design_1/myproj/project_1.cache/ip/2024.1/6/5/65d75d2ade8f42dd/dma_axis_ip_example_xbar_1_sim_netlist.v to C:/Users/w/inkjet_3d/MP113_FPGA/Design_1/myproj/project_1.runs/dma_axis_ip_example_xbar_1_synth_1/dma_axis_ip_example_xbar_1_sim_netlist.v.
INFO: [IP_Flow 19-6928] IPCACHE: copied cached file c:/Users/w/inkjet_3d/MP113_FPGA/Design_1/myproj/project_1.cache/ip/2024.1/6/5/65d75d2ade8f42dd/dma_axis_ip_example_xbar_1_sim_netlist.vhdl to C:/Users/w/inkjet_3d/MP113_FPGA/Design_1/myproj/project_1.runs/dma_axis_ip_example_xbar_1_synth_1/dma_axis_ip_example_xbar_1_sim_netlist.vhdl.
INFO: [IP_Flow 19-6928] IPCACHE: copied cached file c:/Users/w/inkjet_3d/MP113_FPGA/Design_1/myproj/project_1.cache/ip/2024.1/6/5/65d75d2ade8f42dd/dma_axis_ip_example_xbar_1_stub.v to C:/Users/w/inkjet_3d/MP113_FPGA/Design_1/myproj/project_1.runs/dma_axis_ip_example_xbar_1_synth_1/dma_axis_ip_example_xbar_1_stub.v.
INFO: [IP_Flow 19-6928] IPCACHE: copied cached file c:/Users/w/inkjet_3d/MP113_FPGA/Design_1/myproj/project_1.cache/ip/2024.1/6/5/65d75d2ade8f42dd/dma_axis_ip_example_xbar_1_stub.vhdl to C:/Users/w/inkjet_3d/MP113_FPGA/Design_1/myproj/project_1.runs/dma_axis_ip_example_xbar_1_synth_1/dma_axis_ip_example_xbar_1_stub.vhdl.
INFO: [IP_Flow 19-4838] Using cached IP synthesis design for IP dma_axis_ip_example_xbar_1, cache-ID = 65d75d2ade8f42dd.
INFO: [Common 17-206] Exiting Vivado at Wed Aug 21 20:18:45 2024...

*** Running vivado
    with args -log dma_axis_ip_example_xbar_1.vds -m64 -product Vivado -mode batch -messageDb vivado.pb -notrace -source dma_axis_ip_example_xbar_1.tcl



****** Vivado v2024.1 (64-bit)
  **** SW Build 5076996 on Wed May 22 18:37:14 MDT 2024
  **** IP Build 5075265 on Wed May 22 21:45:21 MDT 2024
  **** SharedData Build 5076995 on Wed May 22 18:29:18 MDT 2024
  **** Start of session at: Fri Aug 23 06:26:15 2024
    ** Copyright 1986-2022 Xilinx, Inc. All Rights Reserved.
    ** Copyright 2022-2024 Advanced Micro Devices, Inc. All Rights Reserved.

source dma_axis_ip_example_xbar_1.tcl -notrace
create_project: Time (s): cpu = 00:00:05 ; elapsed = 00:00:10 . Memory (MB): peak = 513.949 ; gain = 199.965
INFO: [IP_Flow 19-234] Refreshing IP repositories
INFO: [IP_Flow 19-1700] Loaded user IP repository 'c:/Users/w/inkjet_3d/MP113_FPGA/Design_1/HLS'.
INFO: [IP_Flow 19-2313] Loaded Vivado IP repository 'C:/Xilinx/Vivado/2024.1/data/ip'.
INFO: [IP_Flow 19-6924] IPCACHE: Running cache check for IP inst: dma_axis_ip_example_xbar_1
INFO: [IP_Flow 19-6922] IPCACHE: Exporting cached entry 65d75d2ade8f42dd to dir: C:/Users/w/inkjet_3d/MP113_FPGA/Design_1/myproj/project_1.runs/dma_axis_ip_example_xbar_1_synth_1
INFO: [IP_Flow 19-6928] IPCACHE: copied cached file c:/Users/w/inkjet_3d/MP113_FPGA/Design_1/myproj/project_1.cache/ip/2024.1/6/5/65d75d2ade8f42dd/dma_axis_ip_example_xbar_1.dcp to C:/Users/w/inkjet_3d/MP113_FPGA/Design_1/myproj/project_1.runs/dma_axis_ip_example_xbar_1_synth_1/dma_axis_ip_example_xbar_1.dcp.
INFO: [IP_Flow 19-6928] IPCACHE: copied cached file c:/Users/w/inkjet_3d/MP113_FPGA/Design_1/myproj/project_1.cache/ip/2024.1/6/5/65d75d2ade8f42dd/dma_axis_ip_example_xbar_1_sim_netlist.v to C:/Users/w/inkjet_3d/MP113_FPGA/Design_1/myproj/project_1.runs/dma_axis_ip_example_xbar_1_synth_1/dma_axis_ip_example_xbar_1_sim_netlist.v.
INFO: [IP_Flow 19-6928] IPCACHE: copied cached file c:/Users/w/inkjet_3d/MP113_FPGA/Design_1/myproj/project_1.cache/ip/2024.1/6/5/65d75d2ade8f42dd/dma_axis_ip_example_xbar_1_sim_netlist.vhdl to C:/Users/w/inkjet_3d/MP113_FPGA/Design_1/myproj/project_1.runs/dma_axis_ip_example_xbar_1_synth_1/dma_axis_ip_example_xbar_1_sim_netlist.vhdl.
INFO: [IP_Flow 19-6928] IPCACHE: copied cached file c:/Users/w/inkjet_3d/MP113_FPGA/Design_1/myproj/project_1.cache/ip/2024.1/6/5/65d75d2ade8f42dd/dma_axis_ip_example_xbar_1_stub.v to C:/Users/w/inkjet_3d/MP113_FPGA/Design_1/myproj/project_1.runs/dma_axis_ip_example_xbar_1_synth_1/dma_axis_ip_example_xbar_1_stub.v.
INFO: [IP_Flow 19-6928] IPCACHE: copied cached file c:/Users/w/inkjet_3d/MP113_FPGA/Design_1/myproj/project_1.cache/ip/2024.1/6/5/65d75d2ade8f42dd/dma_axis_ip_example_xbar_1_stub.vhdl to C:/Users/w/inkjet_3d/MP113_FPGA/Design_1/myproj/project_1.runs/dma_axis_ip_example_xbar_1_synth_1/dma_axis_ip_example_xbar_1_stub.vhdl.
INFO: [IP_Flow 19-4838] Using cached IP synthesis design for IP dma_axis_ip_example_xbar_1, cache-ID = 65d75d2ade8f42dd.
INFO: [Common 17-206] Exiting Vivado at Fri Aug 23 06:26:29 2024...

*** Running vivado
    with args -log dma_axis_ip_example_xbar_1.vds -m64 -product Vivado -mode batch -messageDb vivado.pb -notrace -source dma_axis_ip_example_xbar_1.tcl



****** Vivado v2024.1 (64-bit)
  **** SW Build 5076996 on Wed May 22 18:37:14 MDT 2024
  **** IP Build 5075265 on Wed May 22 21:45:21 MDT 2024
  **** SharedData Build 5076995 on Wed May 22 18:29:18 MDT 2024
  **** Start of session at: Fri Aug 23 13:35:17 2024
    ** Copyright 1986-2022 Xilinx, Inc. All Rights Reserved.
    ** Copyright 2022-2024 Advanced Micro Devices, Inc. All Rights Reserved.

source dma_axis_ip_example_xbar_1.tcl -notrace
create_project: Time (s): cpu = 00:00:06 ; elapsed = 00:00:09 . Memory (MB): peak = 515.148 ; gain = 200.352
INFO: [IP_Flow 19-234] Refreshing IP repositories
INFO: [IP_Flow 19-1700] Loaded user IP repository 'c:/Users/w/inkjet_3d/MP113_FPGA/Design_1/HLS'.
INFO: [IP_Flow 19-2313] Loaded Vivado IP repository 'C:/Xilinx/Vivado/2024.1/data/ip'.
INFO: [IP_Flow 19-6924] IPCACHE: Running cache check for IP inst: dma_axis_ip_example_xbar_1
INFO: [IP_Flow 19-6922] IPCACHE: Exporting cached entry 65d75d2ade8f42dd to dir: C:/Users/w/inkjet_3d/MP113_FPGA/Design_1/myproj/project_1.runs/dma_axis_ip_example_xbar_1_synth_1
INFO: [IP_Flow 19-6928] IPCACHE: copied cached file c:/Users/w/inkjet_3d/MP113_FPGA/Design_1/myproj/project_1.cache/ip/2024.1/6/5/65d75d2ade8f42dd/dma_axis_ip_example_xbar_1.dcp to C:/Users/w/inkjet_3d/MP113_FPGA/Design_1/myproj/project_1.runs/dma_axis_ip_example_xbar_1_synth_1/dma_axis_ip_example_xbar_1.dcp.
INFO: [IP_Flow 19-6928] IPCACHE: copied cached file c:/Users/w/inkjet_3d/MP113_FPGA/Design_1/myproj/project_1.cache/ip/2024.1/6/5/65d75d2ade8f42dd/dma_axis_ip_example_xbar_1_sim_netlist.v to C:/Users/w/inkjet_3d/MP113_FPGA/Design_1/myproj/project_1.runs/dma_axis_ip_example_xbar_1_synth_1/dma_axis_ip_example_xbar_1_sim_netlist.v.
INFO: [IP_Flow 19-6928] IPCACHE: copied cached file c:/Users/w/inkjet_3d/MP113_FPGA/Design_1/myproj/project_1.cache/ip/2024.1/6/5/65d75d2ade8f42dd/dma_axis_ip_example_xbar_1_sim_netlist.vhdl to C:/Users/w/inkjet_3d/MP113_FPGA/Design_1/myproj/project_1.runs/dma_axis_ip_example_xbar_1_synth_1/dma_axis_ip_example_xbar_1_sim_netlist.vhdl.
INFO: [IP_Flow 19-6928] IPCACHE: copied cached file c:/Users/w/inkjet_3d/MP113_FPGA/Design_1/myproj/project_1.cache/ip/2024.1/6/5/65d75d2ade8f42dd/dma_axis_ip_example_xbar_1_stub.v to C:/Users/w/inkjet_3d/MP113_FPGA/Design_1/myproj/project_1.runs/dma_axis_ip_example_xbar_1_synth_1/dma_axis_ip_example_xbar_1_stub.v.
INFO: [IP_Flow 19-6928] IPCACHE: copied cached file c:/Users/w/inkjet_3d/MP113_FPGA/Design_1/myproj/project_1.cache/ip/2024.1/6/5/65d75d2ade8f42dd/dma_axis_ip_example_xbar_1_stub.vhdl to C:/Users/w/inkjet_3d/MP113_FPGA/Design_1/myproj/project_1.runs/dma_axis_ip_example_xbar_1_synth_1/dma_axis_ip_example_xbar_1_stub.vhdl.
INFO: [IP_Flow 19-4838] Using cached IP synthesis design for IP dma_axis_ip_example_xbar_1, cache-ID = 65d75d2ade8f42dd.
INFO: [Common 17-206] Exiting Vivado at Fri Aug 23 13:35:31 2024...
